*design* DebussyLib (btIdent Verdi_O-2018.09-SP1)
Command arguments:
    +define+verilog
    -sv
    -f filelist.f
        ../PostProcessing_Top_new/tb_PostProcessing_Top.v
        +incdir+../RAM/hl40/
        ../RAM/hl40/define_ctrl_sram.v
        ../RAM/hl40/sram_mod_dp_bit_en.v
        ../RAM/hl40/sram_mod_dp.v
        ../RAM/hl40/sram_1920x18_dp_bit_en.v
        ../RAM/hl40/sram_1920x40_dp_bit_en.v
        ../RAM/hl40/sram_1936x18_dp_bit_en.v
        ../RAM/hl40/sram_1936x36_dp_bit_en.v
        ../RAM/hl40/sram_1936x54_dp_bit_en.v
        ../RAM/hl40/sram_1920x36_dp_bit_en.v
        ../RAM/hl40/sram_1920x16_dp_bit_en.v
        ../RAM/hl40/sram_1920x160_dp_bit_en.v
        ../RAM/hl40/sram_1920x64_dp_bit_en.v
        ../RAM/hl40/sram_1920x32_dp_bit_en.v
        ../RAM/hl40/sram_1920x896_dp.v
        ../RAM/hl40/sram_1920x1152_dp.v
        ../RAM/hl40/sram_270x16_dp.v
        ../RAM/hl40/sram_270x80_dp.v
        ../RAM/hl40/sram_2048x8_dp.v
        ../RAM/hl40/sram_2048x16_dp.v
        ../RAM/sram_512x16_dp_bit_en.v
        ../PostProcessing_Top_new/sort_3.v
        ../PostProcessing_Top_new/integrated_window_filter.v
        ../PostProcessing_Top_new/hole_filling_new.v
        ../PostProcessing_Top_new/median3x3.v
        ../PostProcessing_Top_new/hole_filling.v
        ../PostProcessing_Top_new/getValue.v
        ../PostProcessing_Top_new/reg2.v
        ../PostProcessing_Top_new/reg3.v
        ../PostProcessing_Top_new/reg4.v
        ../PostProcessing_Top_new/reg1.v
        ../PostProcessing_Top_new/lrcheck_Lbased.v
        ../PostProcessing_Top_new/FIFO_width2.v
        ../PostProcessing_Top_new/stack.v
        ../PostProcessing_Top_new/stack_2.v
        ../PostProcessing_Top_new/FIFO_2.v
        ../PostProcessing_Top_new/FIFO_width1.v
        ../PostProcessing_Top_new/FIFO.v
        ../PostProcessing_Top_new/PostProcessing_Top.v
        ../PostProcessing_Top_new/PostProcessing.v
        ../PostProcessing_Top_new/timescale.v

Highest level modules:
tb_PostProcessing_Top
sram_1920x40_dp_bit_en
sram_1920x16_dp_bit_en
sram_1920x160_dp_bit_en
sram_1920x64_dp_bit_en
sram_1920x32_dp_bit_en
sram_1920x896_dp
sram_1920x1152_dp
sram_270x16_dp
sram_270x80_dp
sram_2048x8_dp
sram_2048x16_dp


*Warning* too many instance parameter in instance 'PostProcessing_Top_inst'
"../PostProcessing_Top_new/tb_PostProcessing_Top.v", 57: 
Total	0 error(s),   1 warning(s)
